 --- Init ---
MyPythonBot
 --- Bot used 75 milliseconds ---
-----------------------------------------------------------------------------
 --- Frame #1 ---
15 7 1
 --- Bot used 3 milliseconds ---
-----------------------------------------------------------------------------
 --- Frame #2 ---
15 7 0
 --- Bot used 1 milliseconds ---
-----------------------------------------------------------------------------
 --- Frame #3 ---
15 7 0
 --- Bot used 3 milliseconds ---
-----------------------------------------------------------------------------
 --- Frame #4 ---
15 7 1
 --- Bot used 1 milliseconds ---
-----------------------------------------------------------------------------
 --- Frame #5 ---
15 6 0 15 7 0
 --- Bot used 1 milliseconds ---
-----------------------------------------------------------------------------
 --- Frame #6 ---
15 6 0 15 7 0
 --- Bot used 1 milliseconds ---
-----------------------------------------------------------------------------
 --- Frame #7 ---
15 6 0 15 7 0
 --- Bot used 1 milliseconds ---
-----------------------------------------------------------------------------
 --- Frame #8 ---
15 6 0 15 7 0
 --- Bot used 1 milliseconds ---
-----------------------------------------------------------------------------
 --- Frame #9 ---
15 6 0 15 7 1
 --- Bot used 2 milliseconds ---
-----------------------------------------------------------------------------
 --- Frame #10 ---
15 6 1 15 7 0
 --- Bot used 1 milliseconds ---
-----------------------------------------------------------------------------
 --- Frame #11 ---
15 5 0 15 6 0 15 7 0
 --- Bot used 1 milliseconds ---
-----------------------------------------------------------------------------
 --- Frame #12 ---
15 5 0 15 6 0 15 7 0
 --- Bot used 1 milliseconds ---
-----------------------------------------------------------------------------
 --- Frame #13 ---
15 5 0 15 6 0 15 7 0
 --- Bot used 1 milliseconds ---
-----------------------------------------------------------------------------
 --- Frame #14 ---
15 5 0 15 6 0 15 7 1
 --- Bot used 2 milliseconds ---
-----------------------------------------------------------------------------
 --- Frame #15 ---
15 5 0 15 6 1 15 7 0
 --- Bot used 2 milliseconds ---
-----------------------------------------------------------------------------
 --- Frame #16 ---
15 5 1 15 6 0 15 7 0
 --- Bot used 2 milliseconds ---
-----------------------------------------------------------------------------
 --- Frame #17 ---
15 4 1 15 5 0 15 6 0 15 7 0
 --- Bot used 1 milliseconds ---
-----------------------------------------------------------------------------
 --- Frame #18 ---
15 3 0 15 4 0 15 5 0 15 6 0 15 7 0
 --- Bot used 2 milliseconds ---
-----------------------------------------------------------------------------
 --- Frame #19 ---
15 3 0 15 4 0 15 5 0 15 6 0 15 7 1
 --- Bot used 1 milliseconds ---
-----------------------------------------------------------------------------
 --- Frame #20 ---
15 3 0 15 4 0 15 5 0 15 6 1 15 7 0
 --- Bot used 2 milliseconds ---
-----------------------------------------------------------------------------
 --- Frame #21 ---
15 3 1 15 4 0 15 5 1 15 6 0 15 7 0
 --- Bot used 1 milliseconds ---
-----------------------------------------------------------------------------
 --- Frame #22 ---
15 2 0 15 3 0 15 4 1 15 5 0 15 6 0 15 7 0
 --- Bot used 2 milliseconds ---
-----------------------------------------------------------------------------
 --- Frame #23 ---
15 2 0 15 3 1 15 4 0 15 5 0 15 6 0 15 7 0
 --- Bot used 2 milliseconds ---
-----------------------------------------------------------------------------
 --- Frame #24 ---
Traceback (most recent call last):
 --- Bot used 3 milliseconds ---
ERRORED!
Response received (if any):
Traceback (most recent call last):
 --- Bot was killed. Below is the rest of its output (if any): ---
  File "MyBot.py", line 119, in <module>
    hlt.send_frame(moves)
  File "/Users/Catie/PycharmProjects/Halite/hlt.py", line 111, in send_frame
    send_string(' '.join(str(move.square.x) + ' ' + str(move.square.y) + ' ' + str(translate_cardinal(move.direction)) for move in moves))
  File "/Users/Catie/PycharmProjects/Halite/hlt.py", line 111, in <genexpr>
    send_string(' '.join(str(move.square.x) + ' ' + str(move.square.y) + ' ' + str(translate_cardinal(move.direction)) for move in moves))
  File "/Users/Catie/PycharmProjects/Halite/hlt.py", line 107, in translate_cardinal
    return (direction + 1) % 5
TypeError: can only concatenate tuple (not "int") to tuple

 --- End bot output ---