 --- Init ---
MyPythonBot
 --- Bot used 75 milliseconds ---
-----------------------------------------------------------------------------
 --- Frame #1 ---
7 15 1
 --- Bot used 1 milliseconds ---
-----------------------------------------------------------------------------
 --- Frame #2 ---
7 14 0 7 15 0
 --- Bot used 3 milliseconds ---
-----------------------------------------------------------------------------
 --- Frame #3 ---
7 14 0 7 15 0
 --- Bot used 5 milliseconds ---
-----------------------------------------------------------------------------
 --- Frame #4 ---
7 14 0 7 15 0
 --- Bot used 2 milliseconds ---
-----------------------------------------------------------------------------
 --- Frame #5 ---
7 14 0 7 15 0
 --- Bot used 1 milliseconds ---
-----------------------------------------------------------------------------
 --- Frame #6 ---
7 14 0 7 15 0
 --- Bot used 1 milliseconds ---
-----------------------------------------------------------------------------
 --- Frame #7 ---
7 14 0 7 15 0
 --- Bot used 1 milliseconds ---
-----------------------------------------------------------------------------
 --- Frame #8 ---
7 14 0 7 15 0
 --- Bot used 2 milliseconds ---
-----------------------------------------------------------------------------
 --- Frame #9 ---
7 14 1 7 15 0
 --- Bot used 1 milliseconds ---
-----------------------------------------------------------------------------
 --- Frame #10 ---
7 13 0 7 14 0 7 15 0
 --- Bot used 2 milliseconds ---
-----------------------------------------------------------------------------
 --- Frame #11 ---
7 13 1 7 14 0 7 15 0
 --- Bot used 1 milliseconds ---
-----------------------------------------------------------------------------
 --- Frame #12 ---
7 13 0 7 14 0 7 15 0
 --- Bot used 2 milliseconds ---
-----------------------------------------------------------------------------
 --- Frame #13 ---
7 13 0 7 14 0 7 15 0
 --- Bot used 1 milliseconds ---
-----------------------------------------------------------------------------
 --- Frame #14 ---
7 13 1 7 14 0 7 15 0
 --- Bot used 2 milliseconds ---
-----------------------------------------------------------------------------
 --- Frame #15 ---
7 12 0 7 13 0 7 14 0 7 15 0
 --- Bot used 2 milliseconds ---
-----------------------------------------------------------------------------
 --- Frame #16 ---
7 12 0 7 13 0 7 14 0 7 15 0
 --- Bot used 2 milliseconds ---
-----------------------------------------------------------------------------
 --- Frame #17 ---
7 12 0 7 13 0 7 14 0 7 15 0
 --- Bot used 2 milliseconds ---
-----------------------------------------------------------------------------
 --- Frame #18 ---
7 12 0 7 13 0 7 14 0 7 15 0
 --- Bot used 1 milliseconds ---
-----------------------------------------------------------------------------
 --- Frame #19 ---
7 12 0 7 13 0 7 14 0 7 15 0
 --- Bot used 2 milliseconds ---
-----------------------------------------------------------------------------
 --- Frame #20 ---
7 12 0 7 13 0 7 14 0 7 15 0
 --- Bot used 1 milliseconds ---
-----------------------------------------------------------------------------
 --- Frame #21 ---
7 12 0 7 13 0 7 14 0 7 15 0
 --- Bot used 1 milliseconds ---
-----------------------------------------------------------------------------
 --- Frame #22 ---
7 12 0 7 13 0 7 14 0 7 15 0
 --- Bot used 1 milliseconds ---
-----------------------------------------------------------------------------
 --- Frame #23 ---
7 12 0 7 13 0 7 14 0 7 15 0
 --- Bot used 2 milliseconds ---
-----------------------------------------------------------------------------
 --- Frame #24 ---
7 12 0 7 13 0 7 14 0 7 15 0
 --- Bot used 2 milliseconds ---
-----------------------------------------------------------------------------
 --- Frame #25 ---
7 12 0 7 13 0 7 14 0 7 15 0
 --- Bot used 1 milliseconds ---
-----------------------------------------------------------------------------
 --- Frame #26 ---
7 12 0 7 13 0 7 14 0 7 15 1
 --- Bot used 1 milliseconds ---
-----------------------------------------------------------------------------
 --- Frame #27 ---
7 12 0 7 13 0 7 14 1 7 15 0
 --- Bot used 1 milliseconds ---
-----------------------------------------------------------------------------
 --- Frame #28 ---
7 12 0 7 13 1 7 14 0 7 15 0
 --- Bot used 2 milliseconds ---
-----------------------------------------------------------------------------
 --- Frame #29 ---
7 12 1 7 13 0 7 14 0 7 15 0
 --- Bot used 1 milliseconds ---
-----------------------------------------------------------------------------
 --- Frame #30 ---
7 11 1 7 12 0 7 13 0 7 14 0 7 15 0
 --- Bot used 2 milliseconds ---
-----------------------------------------------------------------------------
 --- Frame #31 ---
7 10 1 7 11 0 7 12 0 7 13 0 7 14 0 7 15 0
 --- Bot used 2 milliseconds ---
-----------------------------------------------------------------------------
 --- Frame #32 ---
7 9 1 7 10 0 7 11 0 7 12 0 7 13 0 7 14 0 7 15 0
 --- Bot used 1 milliseconds ---
-----------------------------------------------------------------------------
 --- Frame #33 ---
7 8 0 7 9 0 7 10 0 7 11 0 7 12 0 7 13 0 7 14 0 7 15 0
 --- Bot used 1 milliseconds ---
-----------------------------------------------------------------------------
 --- Frame #34 ---
7 8 0 7 9 0 7 10 0 7 11 0 7 12 0 7 13 0 7 14 0 7 15 0
 --- Bot used 2 milliseconds ---
-----------------------------------------------------------------------------
 --- Frame #35 ---
7 8 0 7 9 0 7 10 0 7 11 0 7 12 0 7 13 0 7 14 0 7 15 0
 --- Bot used 2 milliseconds ---
-----------------------------------------------------------------------------
 --- Frame #36 ---
7 8 0 7 9 0 7 10 0 7 11 0 7 12 0 7 13 0 7 14 0 7 15 0
 --- Bot used 2 milliseconds ---
-----------------------------------------------------------------------------
 --- Frame #37 ---
7 8 0 7 9 0 7 10 0 7 11 0 7 12 0 7 13 0 7 14 0 7 15 0
 --- Bot used 2 milliseconds ---
-----------------------------------------------------------------------------
 --- Frame #38 ---
7 8 0 7 9 0 7 10 0 7 11 0 7 12 0 7 13 0 7 14 0 7 15 0
 --- Bot used 2 milliseconds ---
-----------------------------------------------------------------------------
 --- Frame #39 ---
7 8 0 7 9 0 7 10 0 7 11 0 7 12 0 7 13 0 7 14 0 7 15 0
 --- Bot used 2 milliseconds ---
-----------------------------------------------------------------------------
 --- Frame #40 ---
7 8 0 7 9 0 7 10 0 7 11 0 7 12 0 7 13 0 7 14 0 7 15 0
 --- Bot used 2 milliseconds ---
-----------------------------------------------------------------------------
 --- Frame #41 ---
7 8 0 7 9 0 7 10 0 7 11 0 7 12 0 7 13 0 7 14 0 7 15 0
 --- Bot used 1 milliseconds ---
-----------------------------------------------------------------------------
 --- Frame #42 ---
7 8 0 7 9 0 7 10 0 7 11 0 7 12 0 7 13 0 7 14 0 7 15 0
 --- Bot used 2 milliseconds ---
-----------------------------------------------------------------------------
 --- Frame #43 ---
7 8 0 7 9 0 7 10 0 7 11 0 7 12 0 7 13 0 7 14 0 7 15 0
 --- Bot used 3 milliseconds ---
-----------------------------------------------------------------------------
 --- Frame #44 ---
Traceback (most recent call last):
 --- Bot used 5 milliseconds ---
ERRORED!
Response received (if any):
Traceback (most recent call last):
 --- Bot was killed. Below is the rest of its output (if any): ---
  File "MyBot.py", line 121, in <module>
    hlt.send_frame(moves)
  File "/Users/Catie/PycharmProjects/Halite/hlt.py", line 111, in send_frame
    send_string(' '.join(str(move.square.x) + ' ' + str(move.square.y) + ' ' + str(translate_cardinal(move.direction)) for move in moves))
  File "/Users/Catie/PycharmProjects/Halite/hlt.py", line 111, in <genexpr>
    send_string(' '.join(str(move.square.x) + ' ' + str(move.square.y) + ' ' + str(translate_cardinal(move.direction)) for move in moves))
  File "/Users/Catie/PycharmProjects/Halite/hlt.py", line 107, in translate_cardinal
    return (direction + 1) % 5
TypeError: unsupported operand type(s) for +: 'NoneType' and 'int'

 --- End bot output ---