 --- Init ---
MyPythonBot
 --- Bot used 75 milliseconds ---
-----------------------------------------------------------------------------
 --- Frame #1 ---
15 7 1
 --- Bot used 1 milliseconds ---
-----------------------------------------------------------------------------
 --- Frame #2 ---
15 7 0
 --- Bot used 1 milliseconds ---
-----------------------------------------------------------------------------
 --- Frame #3 ---
15 7 0
 --- Bot used 2 milliseconds ---
-----------------------------------------------------------------------------
 --- Frame #4 ---
15 7 0
 --- Bot used 2 milliseconds ---
-----------------------------------------------------------------------------
 --- Frame #5 ---
15 7 0
 --- Bot used 1 milliseconds ---
-----------------------------------------------------------------------------
 --- Frame #6 ---
15 7 0
 --- Bot used 1 milliseconds ---
-----------------------------------------------------------------------------
 --- Frame #7 ---
15 7 0
 --- Bot used 1 milliseconds ---
-----------------------------------------------------------------------------
 --- Frame #8 ---
15 7 0
 --- Bot used 1 milliseconds ---
-----------------------------------------------------------------------------
 --- Frame #9 ---
15 7 0
 --- Bot used 1 milliseconds ---
-----------------------------------------------------------------------------
 --- Frame #10 ---
15 7 0
 --- Bot used 1 milliseconds ---
-----------------------------------------------------------------------------
 --- Frame #11 ---
15 7 0
 --- Bot used 2 milliseconds ---
-----------------------------------------------------------------------------
 --- Frame #12 ---
15 7 1
 --- Bot used 1 milliseconds ---
-----------------------------------------------------------------------------
 --- Frame #13 ---
15 6 0 15 7 0
 --- Bot used 1 milliseconds ---
-----------------------------------------------------------------------------
 --- Frame #14 ---
15 6 0 15 7 0
 --- Bot used 1 milliseconds ---
-----------------------------------------------------------------------------
 --- Frame #15 ---
15 6 0 15 7 0
 --- Bot used 1 milliseconds ---
-----------------------------------------------------------------------------
 --- Frame #16 ---
15 6 0 15 7 0
 --- Bot used 1 milliseconds ---
-----------------------------------------------------------------------------
 --- Frame #17 ---
15 6 0 15 7 0
 --- Bot used 1 milliseconds ---
-----------------------------------------------------------------------------
 --- Frame #18 ---
15 6 0 15 7 0
 --- Bot used 1 milliseconds ---
-----------------------------------------------------------------------------
 --- Frame #19 ---
15 6 0 15 7 0
 --- Bot used 2 milliseconds ---
-----------------------------------------------------------------------------
 --- Frame #20 ---
15 6 0 15 7 0
 --- Bot used 1 milliseconds ---
-----------------------------------------------------------------------------
 --- Frame #21 ---
15 6 0 15 7 0
 --- Bot used 1 milliseconds ---
-----------------------------------------------------------------------------
 --- Frame #22 ---
15 6 0 15 7 0
 --- Bot used 1 milliseconds ---
-----------------------------------------------------------------------------
 --- Frame #23 ---
15 6 0 15 7 0
 --- Bot used 1 milliseconds ---
-----------------------------------------------------------------------------
 --- Frame #24 ---
15 6 0 15 7 0
 --- Bot used 1 milliseconds ---
-----------------------------------------------------------------------------
 --- Frame #25 ---
15 6 0 15 7 0
 --- Bot used 2 milliseconds ---
-----------------------------------------------------------------------------
 --- Frame #26 ---
15 6 0 15 7 1
 --- Bot used 2 milliseconds ---
-----------------------------------------------------------------------------
 --- Frame #27 ---
15 6 0 15 7 0
 --- Bot used 1 milliseconds ---
-----------------------------------------------------------------------------
 --- Frame #28 ---
15 6 0 15 7 0
 --- Bot used 1 milliseconds ---
-----------------------------------------------------------------------------
 --- Frame #29 ---
15 6 0 15 7 0
 --- Bot used 1 milliseconds ---
-----------------------------------------------------------------------------
 --- Frame #30 ---
15 6 0 15 7 0
 --- Bot used 1 milliseconds ---
-----------------------------------------------------------------------------
 --- Frame #31 ---
15 6 0 15 7 0
 --- Bot used 1 milliseconds ---
-----------------------------------------------------------------------------
 --- Frame #32 ---
15 6 0 15 7 0
 --- Bot used 1 milliseconds ---
-----------------------------------------------------------------------------
 --- Frame #33 ---
15 6 1 15 7 0
 --- Bot used 2 milliseconds ---
-----------------------------------------------------------------------------
 --- Frame #34 ---
15 6 0 15 7 0
 --- Bot used 1 milliseconds ---
-----------------------------------------------------------------------------
 --- Frame #35 ---
15 6 0 15 7 0
 --- Bot used 1 milliseconds ---
-----------------------------------------------------------------------------
 --- Frame #36 ---
15 6 0 15 7 0
 --- Bot used 1 milliseconds ---
-----------------------------------------------------------------------------
 --- Frame #37 ---
15 6 0 15 7 0
 --- Bot used 1 milliseconds ---
-----------------------------------------------------------------------------
 --- Frame #38 ---
15 6 1 15 7 0
 --- Bot used 1 milliseconds ---
-----------------------------------------------------------------------------
 --- Frame #39 ---
15 5 0 15 6 0 15 7 0
 --- Bot used 1 milliseconds ---
-----------------------------------------------------------------------------
 --- Frame #40 ---
15 5 0 15 6 0 15 7 1
 --- Bot used 2 milliseconds ---
-----------------------------------------------------------------------------
 --- Frame #41 ---
15 5 0 15 6 0 15 7 0
 --- Bot used 1 milliseconds ---
-----------------------------------------------------------------------------
 --- Frame #42 ---
15 5 0 15 6 0 15 7 0
 --- Bot used 1 milliseconds ---
-----------------------------------------------------------------------------
 --- Frame #43 ---
15 5 0 15 6 0 15 7 0
 --- Bot used 1 milliseconds ---
-----------------------------------------------------------------------------
 --- Frame #44 ---
15 5 0 15 6 0 15 7 0
 --- Bot used 1 milliseconds ---
-----------------------------------------------------------------------------
 --- Frame #45 ---
15 5 0 15 6 0 15 7 0
 --- Bot used 1 milliseconds ---
-----------------------------------------------------------------------------
 --- Frame #46 ---
15 5 0 15 6 0 15 7 0
 --- Bot used 2 milliseconds ---
-----------------------------------------------------------------------------
 --- Frame #47 ---
15 5 0 15 6 0 15 7 0
 --- Bot used 1 milliseconds ---
-----------------------------------------------------------------------------
 --- Frame #48 ---
15 5 0 15 6 0 15 7 0
 --- Bot used 1 milliseconds ---
-----------------------------------------------------------------------------
 --- Frame #49 ---
15 5 0 15 6 0 15 7 0
 --- Bot used 1 milliseconds ---
-----------------------------------------------------------------------------
 --- Frame #50 ---
15 5 0 15 6 0 15 7 0
 --- Bot used 1 milliseconds ---
-----------------------------------------------------------------------------
 --- Frame #51 ---
15 5 0 15 6 0 15 7 0
 --- Bot used 1 milliseconds ---
-----------------------------------------------------------------------------
 --- Frame #52 ---
15 5 0 15 6 0 15 7 0
 --- Bot used 1 milliseconds ---
-----------------------------------------------------------------------------
 --- Frame #53 ---
15 5 0 15 6 0 15 7 0
 --- Bot used 1 milliseconds ---
-----------------------------------------------------------------------------
 --- Frame #54 ---
15 5 0 15 6 0 15 7 1
 --- Bot used 1 milliseconds ---
-----------------------------------------------------------------------------
 --- Frame #55 ---
15 5 0 15 6 1 15 7 0
 --- Bot used 1 milliseconds ---
-----------------------------------------------------------------------------
 --- Frame #56 ---
15 5 1 15 6 0 15 7 0
 --- Bot used 2 milliseconds ---
-----------------------------------------------------------------------------
 --- Frame #57 ---
15 4 0 15 5 0 15 6 0 15 7 0
 --- Bot used 1 milliseconds ---
-----------------------------------------------------------------------------
 --- Frame #58 ---
15 4 0 15 5 0 15 6 0 15 7 0
 --- Bot used 1 milliseconds ---
-----------------------------------------------------------------------------
 --- Frame #59 ---
15 4 0 15 5 0 15 6 0 15 7 0
 --- Bot used 1 milliseconds ---
-----------------------------------------------------------------------------
 --- Frame #60 ---
15 4 0 15 5 0 15 6 0 15 7 0
 --- Bot used 3 milliseconds ---
-----------------------------------------------------------------------------
 --- Frame #61 ---
15 4 0 15 5 0 15 6 0 15 7 0
 --- Bot used 2 milliseconds ---
-----------------------------------------------------------------------------
 --- Frame #62 ---
15 4 0 15 5 0 15 6 0 15 7 0
 --- Bot used 1 milliseconds ---
-----------------------------------------------------------------------------
 --- Frame #63 ---
15 4 0 15 5 0 15 6 0 15 7 0
 --- Bot used 2 milliseconds ---
-----------------------------------------------------------------------------
 --- Frame #64 ---
15 4 0 15 5 0 15 6 0 15 7 0
 --- Bot used 1 milliseconds ---
-----------------------------------------------------------------------------
 --- Frame #65 ---
15 4 0 15 5 0 15 6 0 15 7 0
 --- Bot used 1 milliseconds ---
-----------------------------------------------------------------------------
 --- Frame #66 ---
15 4 0 15 5 0 15 6 0 15 7 0
 --- Bot used 1 milliseconds ---
-----------------------------------------------------------------------------
 --- Frame #67 ---
15 4 0 15 5 0 15 6 0 15 7 0
 --- Bot used 1 milliseconds ---
-----------------------------------------------------------------------------
 --- Frame #68 ---
15 4 0 15 5 0 15 6 0 15 7 1
 --- Bot used 2 milliseconds ---
-----------------------------------------------------------------------------
 --- Frame #69 ---
15 4 0 15 5 0 15 6 0 15 7 0
 --- Bot used 1 milliseconds ---
-----------------------------------------------------------------------------
 --- Frame #70 ---
15 4 0 15 5 0 15 6 0 15 7 0
 --- Bot used 1 milliseconds ---
-----------------------------------------------------------------------------
 --- Frame #71 ---
15 4 0 15 5 0 15 6 0 15 7 0
 --- Bot used 1 milliseconds ---
-----------------------------------------------------------------------------
 --- Frame #72 ---
15 4 0 15 5 0 15 6 0 15 7 0
 --- Bot used 1 milliseconds ---
-----------------------------------------------------------------------------
 --- Frame #73 ---
15 4 1 15 5 0 15 6 0 15 7 0
 --- Bot used 1 milliseconds ---
-----------------------------------------------------------------------------
 --- Frame #74 ---
15 3 0 15 4 0 15 5 0 15 6 0 15 7 0
 --- Bot used 1 milliseconds ---
-----------------------------------------------------------------------------
 --- Frame #75 ---
15 3 0 15 4 0 15 5 0 15 6 0 15 7 0
 --- Bot used 1 milliseconds ---
-----------------------------------------------------------------------------
 --- Frame #76 ---
15 3 0 15 4 0 15 5 0 15 6 1 15 7 0
 --- Bot used 2 milliseconds ---
-----------------------------------------------------------------------------
 --- Frame #77 ---
15 3 0 15 4 0 15 5 1 15 6 0 15 7 0
 --- Bot used 1 milliseconds ---
-----------------------------------------------------------------------------
 --- Frame #78 ---
15 3 0 15 4 1 15 5 0 15 6 0 15 7 0
 --- Bot used 3 milliseconds ---
-----------------------------------------------------------------------------
 --- Frame #79 ---
15 3 1 15 4 0 15 5 0 15 6 0 15 7 0
 --- Bot used 2 milliseconds ---
-----------------------------------------------------------------------------
 --- Frame #80 ---
15 2 1 15 3 0 15 4 0 15 5 0 15 6 0 15 7 0
 --- Bot used 3 milliseconds ---
-----------------------------------------------------------------------------
 --- Frame #81 ---
15 1 1 15 2 0 15 3 0 15 4 0 15 5 0 15 6 0 15 7 0
 --- Bot used 2 milliseconds ---
-----------------------------------------------------------------------------
 --- Frame #82 ---
Traceback (most recent call last):
 --- Bot used 5 milliseconds ---
ERRORED!
Response received (if any):
Traceback (most recent call last):
 --- Bot was killed. Below is the rest of its output (if any): ---
  File "MyBot.py", line 119, in <module>
    hlt.send_frame(moves)
  File "/Users/Catie/PycharmProjects/Halite/hlt.py", line 111, in send_frame
    send_string(' '.join(str(move.square.x) + ' ' + str(move.square.y) + ' ' + str(translate_cardinal(move.direction)) for move in moves))
  File "/Users/Catie/PycharmProjects/Halite/hlt.py", line 111, in <genexpr>
    send_string(' '.join(str(move.square.x) + ' ' + str(move.square.y) + ' ' + str(translate_cardinal(move.direction)) for move in moves))
  File "/Users/Catie/PycharmProjects/Halite/hlt.py", line 107, in translate_cardinal
    return (direction + 1) % 5
TypeError: can only concatenate tuple (not "int") to tuple

 --- End bot output ---